0
0
0
0
29.900000
25.800000
25.200000
25.900000
24.000000
25.100000
27.000000
27.300000
24.000000
24.200000
23.700000
25.000000
25.900000
27.700000
28.400000
20.000000
22.900000
24.600000
0
24.000000
27.100000
25.100000
23.500000
22.000000
28.000000
25.800000
26.000000
28.100000
25.800000
26.000000
27.900000
24.800000
26.800000
24.800000
22.800000
0
25.900000
23.700000
22.400000
28.100000
30.600000
25.600000
23.500000
39.200000
23.500000
51.200000
57.700000
27.900000
30.200000
69.700000
25.700000
26.600000
24.200000
0
22.900000
0
26.000000
25.000000
21.100000
22.000000
24.900000
24.100000
23.700000
21.000000
24.900000
25.800000
23.600000
22.600000
25.300000
25.700000
23.000000
21.200000
26.800000
21.500000
25.800000
0
99.700000
27.900000
24.700000
24.300000
25.900000
28.500000
25.000000
24.100000
23.800000
20.900000
26.200000
25.800000
25.900000
25.000000
27.700000
24.800000
23.900000
23.900000
30.260000
10.480000
0
35.600000
27.700000
25.800000
22.800000
25.000000
26.100000
23.200000
24.000000
26.700000
23.900000
25.700000
25.000000
25.900000
35.600000
27.700000
25.800000
22.800000
25.000000
26.100000
23.200000
24.000000
26.700000
23.900000
25.700000
25.000000
25.900000
22.166666
14.900000
13.250000
12.000000
10.850000
11.850000
12.425000
12.450000
12.450000
19.400000
12.550000
18.450000
12.025000
11.000000
11.000000
13.150000
12.300000
13.300000
12.050000
2450.000000
1444.000000
18.800000
20.200000
21.500000
23.800000
21.600000
26.200000
21.400000
25.900000
22.700000
23.000000
21.300000
21.000000
19.900000
26.800000
24.300000
23.900000
0
1110.500000
54.350000
25.175000
24.750000
22.775000
23.625000
24.150000
23.975000
23.550000
23.725000
24.775000
25.200000
25.300000
24.125000
25.775000
11.000000
535.600000
223.430000
11.920000
7.000000
6.580000
7.260000
7.570000
7.290000
7.280000
7.030000
7.450000
7.300000
7.370000
7.840000
7.680000
7.580000
986.150000
1011.730000
