0
0
0
0
29.9
25.8
25.2
25.9
24.0
25.1
27.0
27.3
24.0
24.2
23.7
25.0
25.9
27.7
28.4
20.0
22.9
24.6
0
26.95
26.45
25.15
24.7
23
26.55
26.4
26.65
26.05
25
24.85
26.45
25.35
27.25
26.6
21.4
22.9
25.9
25.8
25.1
25.9
24.0
25.6
25.8
27.3
24.0
25.8
26.0
27.9
25.9
27.7
25.7
22.8
23.55
24.6
24.95
25.8
25.9
25.4
23.75
24.7
24.45
25.35
24.75
26.65
24.45
25.8
24.85
26.45
25.6
27.25
25.25
22
24.2
23.05
25.8
0
25.95
25.8
24.7
24.3
24.9
25.6
25.0
26.0
24.0
25.8
26.0
25.8
25.9
26.8
25.7
22.8
24.05
23.9
28.15
25.9
28.15
29.9
25.9
24.9
23.9
24.95
25.85
24.35
25.05
24.45
25
25.85
25.4
25.9
32.75
25.9
25.1
23.5
25.0
26.1
23.7
24.1
24.9
24.2
25.7
25.0
25.9
32.75
32.75
25.9
25.1
22.8
25.0
26.1
23.9
24.1
24.9
24.2
25.7
25.0
25.9
25.7
25.8
24.2
25.25
23.9
35.6
26.5
24.9
22.8
24.95
25.85
23.8
25.05
24.45
25
25.7
25
25.6
25.35
25.75
24.5
24.3
23.9
25.8
37.5
26.5
25
23.15
24.45
25.35
23.8
24.35
24.4
24.2
25.05
25
25.55
24.95
25.35
24.5
64.3
27.1
24.9
23.5
23.9
25.1
23.9
24.6
24.0
24.2
25.1
25.0
25.3
25.1
25.7
24.8
89.6
99.7
